{"/Users/egarces/Documents/Personal/projects/femsa/App.tsx": {"path":"/Users/egarces/Documents/Personal/projects/femsa/App.tsx","statementMap":{"0":{"start":{"line":17,"column":14},"end":{"line":17,"column":42}},"1":{"start":{"line":19,"column":12},"end":{"line":42,"column":1}},"2":{"start":{"line":20,"column":2},"end":{"line":41,"column":4}}},"fnMap":{"0":{"name":"(anonymous_0)","decl":{"start":{"line":19,"column":12},"end":{"line":19,"column":13}},"loc":{"start":{"line":19,"column":18},"end":{"line":42,"column":1}},"line":19}},"branchMap":{},"s":{"0":1,"1":1,"2":1},"f":{"0":1},"b":{},"_coverageSchema":"1a1c01bbd47fc00a2c39e90264f33305004495a9","hash":"0322c387d4b76a265894b6dac6aa43a5da33987d"}
,"/Users/egarces/Documents/Personal/projects/femsa/src/components/CustomButton/index.tsx": {"path":"/Users/egarces/Documents/Personal/projects/femsa/src/components/CustomButton/index.tsx","statementMap":{"0":{"start":{"line":10,"column":21},"end":{"line":17,"column":1}},"1":{"start":{"line":11,"column":27},"end":{"line":11,"column":33}},"2":{"start":{"line":12,"column":2},"end":{"line":16,"column":4}}},"fnMap":{"0":{"name":"(anonymous_0)","decl":{"start":{"line":10,"column":21},"end":{"line":10,"column":22}},"loc":{"start":{"line":10,"column":64},"end":{"line":17,"column":1}},"line":10}},"branchMap":{},"s":{"0":3,"1":15,"2":15},"f":{"0":15},"b":{},"_coverageSchema":"1a1c01bbd47fc00a2c39e90264f33305004495a9","hash":"c8875385ea05ea63487dd70fed038cf4cbb2f9a7"}
,"/Users/egarces/Documents/Personal/projects/femsa/src/components/DetailStatus/index.tsx": {"path":"/Users/egarces/Documents/Personal/projects/femsa/src/components/DetailStatus/index.tsx","statementMap":{"0":{"start":{"line":10,"column":21},"end":{"line":19,"column":1}},"1":{"start":{"line":11,"column":42},"end":{"line":11,"column":49}},"2":{"start":{"line":12,"column":16},"end":{"line":12,"column":55}},"3":{"start":{"line":13,"column":2},"end":{"line":18,"column":4}}},"fnMap":{"0":{"name":"(anonymous_0)","decl":{"start":{"line":10,"column":21},"end":{"line":10,"column":22}},"loc":{"start":{"line":10,"column":77},"end":{"line":19,"column":1}},"line":10}},"branchMap":{"0":{"loc":{"start":{"line":10,"column":31},"end":{"line":10,"column":51}},"type":"default-arg","locations":[{"start":{"line":10,"column":46},"end":{"line":10,"column":51}}],"line":10},"1":{"loc":{"start":{"line":12,"column":16},"end":{"line":12,"column":55}},"type":"cond-expr","locations":[{"start":{"line":12,"column":31},"end":{"line":12,"column":43}},{"start":{"line":12,"column":46},"end":{"line":12,"column":55}}],"line":12}},"s":{"0":3,"1":3,"2":3,"3":3},"f":{"0":3},"b":{"0":[1],"1":[2,1]},"_coverageSchema":"1a1c01bbd47fc00a2c39e90264f33305004495a9","hash":"d8c14a7716d389c1925546537dfa4563d48e2c4b"}
,"/Users/egarces/Documents/Personal/projects/femsa/src/components/HomeHeader/index.tsx": {"path":"/Users/egarces/Documents/Personal/projects/femsa/src/components/HomeHeader/index.tsx","statementMap":{"0":{"start":{"line":10,"column":19},"end":{"line":19,"column":1}},"1":{"start":{"line":11,"column":75},"end":{"line":11,"column":79}},"2":{"start":{"line":12,"column":2},"end":{"line":18,"column":4}}},"fnMap":{"0":{"name":"(anonymous_0)","decl":{"start":{"line":10,"column":19},"end":{"line":10,"column":20}},"loc":{"start":{"line":10,"column":61},"end":{"line":19,"column":1}},"line":10}},"branchMap":{},"s":{"0":2,"1":7,"2":7},"f":{"0":7},"b":{},"_coverageSchema":"1a1c01bbd47fc00a2c39e90264f33305004495a9","hash":"035d9c741fdc3fc24545e184b96862461a8d3712"}
,"/Users/egarces/Documents/Personal/projects/femsa/src/components/ProductsList/index.tsx": {"path":"/Users/egarces/Documents/Personal/projects/femsa/src/components/ProductsList/index.tsx","statementMap":{"0":{"start":{"line":7,"column":13},"end":{"line":28,"column":1}},"1":{"start":{"line":8,"column":52},"end":{"line":8,"column":64}},"2":{"start":{"line":9,"column":44},"end":{"line":9,"column":48}},"3":{"start":{"line":10,"column":17},"end":{"line":10,"column":42}},"4":{"start":{"line":11,"column":18},"end":{"line":11,"column":24}},"5":{"start":{"line":12,"column":2},"end":{"line":27,"column":4}},"6":{"start":{"line":30,"column":21},"end":{"line":46,"column":1}},"7":{"start":{"line":31,"column":24},"end":{"line":31,"column":36}},"8":{"start":{"line":33,"column":21},"end":{"line":35,"column":3}},"9":{"start":{"line":34,"column":4},"end":{"line":34,"column":62}},"10":{"start":{"line":34,"column":44},"end":{"line":34,"column":57}},"11":{"start":{"line":37,"column":2},"end":{"line":45,"column":4}},"12":{"start":{"line":41,"column":28},"end":{"line":41,"column":35}}},"fnMap":{"0":{"name":"(anonymous_0)","decl":{"start":{"line":7,"column":13},"end":{"line":7,"column":14}},"loc":{"start":{"line":7,"column":47},"end":{"line":28,"column":1}},"line":7},"1":{"name":"(anonymous_1)","decl":{"start":{"line":30,"column":21},"end":{"line":30,"column":22}},"loc":{"start":{"line":30,"column":63},"end":{"line":46,"column":1}},"line":30},"2":{"name":"(anonymous_2)","decl":{"start":{"line":33,"column":21},"end":{"line":33,"column":22}},"loc":{"start":{"line":33,"column":52},"end":{"line":35,"column":3}},"line":33},"3":{"name":"(anonymous_3)","decl":{"start":{"line":34,"column":38},"end":{"line":34,"column":39}},"loc":{"start":{"line":34,"column":44},"end":{"line":34,"column":57}},"line":34},"4":{"name":"(anonymous_4)","decl":{"start":{"line":41,"column":20},"end":{"line":41,"column":21}},"loc":{"start":{"line":41,"column":28},"end":{"line":41,"column":35}},"line":41}},"branchMap":{"0":{"loc":{"start":{"line":10,"column":17},"end":{"line":10,"column":42}},"type":"cond-expr","locations":[{"start":{"line":10,"column":33},"end":{"line":10,"column":36}},{"start":{"line":10,"column":39},"end":{"line":10,"column":42}}],"line":10}},"s":{"0":3,"1":6,"2":6,"3":6,"4":6,"5":6,"6":3,"7":6,"8":6,"9":6,"10":3,"11":6,"12":6},"f":{"0":6,"1":6,"2":6,"3":3,"4":6},"b":{"0":[5,1]},"_coverageSchema":"1a1c01bbd47fc00a2c39e90264f33305004495a9","hash":"bc2c2962768dea649660f973c1a8f9df55ce7e7c"}
,"/Users/egarces/Documents/Personal/projects/femsa/src/screens/DetailScreen/index.tsx": {"path":"/Users/egarces/Documents/Personal/projects/femsa/src/screens/DetailScreen/index.tsx","statementMap":{"0":{"start":{"line":9,"column":21},"end":{"line":38,"column":1}},"1":{"start":{"line":11,"column":4},"end":{"line":11,"column":10}},"2":{"start":{"line":12,"column":20},"end":{"line":12,"column":27}},"3":{"start":{"line":13,"column":21},"end":{"line":13,"column":36}},"4":{"start":{"line":14,"column":16},"end":{"line":14,"column":69}},"5":{"start":{"line":20,"column":6},"end":{"line":20,"column":11}},"6":{"start":{"line":22,"column":23},"end":{"line":24,"column":3}},"7":{"start":{"line":23,"column":4},"end":{"line":23,"column":24}},"8":{"start":{"line":26,"column":2},"end":{"line":37,"column":4}}},"fnMap":{"0":{"name":"(anonymous_0)","decl":{"start":{"line":9,"column":21},"end":{"line":9,"column":22}},"loc":{"start":{"line":9,"column":27},"end":{"line":38,"column":1}},"line":9},"1":{"name":"(anonymous_1)","decl":{"start":{"line":22,"column":23},"end":{"line":22,"column":24}},"loc":{"start":{"line":22,"column":29},"end":{"line":24,"column":3}},"line":22}},"branchMap":{},"s":{"0":2,"1":1,"2":1,"3":1,"4":1,"5":1,"6":1,"7":1,"8":1},"f":{"0":1,"1":1},"b":{},"_coverageSchema":"1a1c01bbd47fc00a2c39e90264f33305004495a9","hash":"381ab7bf68bc65a0f434d1ce4fe30da607359772"}
,"/Users/egarces/Documents/Personal/projects/femsa/src/screens/HomeScreen/index.tsx": {"path":"/Users/egarces/Documents/Personal/projects/femsa/src/screens/HomeScreen/index.tsx","statementMap":{"0":{"start":{"line":18,"column":19},"end":{"line":88,"column":1}},"1":{"start":{"line":19,"column":42},"end":{"line":19,"column":71}},"2":{"start":{"line":24,"column":36},"end":{"line":27,"column":3}},"3":{"start":{"line":29,"column":55},"end":{"line":29,"column":61}},"4":{"start":{"line":30,"column":20},"end":{"line":30,"column":37}},"5":{"start":{"line":31,"column":28},"end":{"line":31,"column":32}},"6":{"start":{"line":33,"column":26},"end":{"line":38,"column":3}},"7":{"start":{"line":34,"column":4},"end":{"line":36,"column":7}},"8":{"start":{"line":37,"column":4},"end":{"line":37,"column":22}},"9":{"start":{"line":40,"column":23},"end":{"line":45,"column":3}},"10":{"start":{"line":41,"column":26},"end":{"line":43,"column":5}},"11":{"start":{"line":42,"column":14},"end":{"line":42,"column":58}},"12":{"start":{"line":44,"column":4},"end":{"line":44,"column":49}},"13":{"start":{"line":47,"column":2},"end":{"line":52,"column":9}},"14":{"start":{"line":48,"column":24},"end":{"line":50,"column":5}},"15":{"start":{"line":49,"column":6},"end":{"line":49,"column":37}},"16":{"start":{"line":51,"column":4},"end":{"line":51,"column":18}},"17":{"start":{"line":54,"column":2},"end":{"line":64,"column":40}},"18":{"start":{"line":55,"column":4},"end":{"line":60,"column":5}},"19":{"start":{"line":56,"column":31},"end":{"line":56,"column":47}},"20":{"start":{"line":57,"column":6},"end":{"line":59,"column":7}},"21":{"start":{"line":58,"column":8},"end":{"line":58,"column":30}},"22":{"start":{"line":61,"column":4},"end":{"line":63,"column":5}},"23":{"start":{"line":62,"column":6},"end":{"line":62,"column":27}},"24":{"start":{"line":66,"column":2},"end":{"line":87,"column":4}},"25":{"start":{"line":78,"column":27},"end":{"line":78,"column":51}},"26":{"start":{"line":82,"column":27},"end":{"line":82,"column":51}}},"fnMap":{"0":{"name":"(anonymous_0)","decl":{"start":{"line":18,"column":19},"end":{"line":18,"column":20}},"loc":{"start":{"line":18,"column":56},"end":{"line":88,"column":1}},"line":18},"1":{"name":"(anonymous_1)","decl":{"start":{"line":33,"column":26},"end":{"line":33,"column":27}},"loc":{"start":{"line":33,"column":46},"end":{"line":38,"column":3}},"line":33},"2":{"name":"(anonymous_2)","decl":{"start":{"line":40,"column":23},"end":{"line":40,"column":24}},"loc":{"start":{"line":40,"column":42},"end":{"line":45,"column":3}},"line":40},"3":{"name":"(anonymous_3)","decl":{"start":{"line":42,"column":6},"end":{"line":42,"column":7}},"loc":{"start":{"line":42,"column":14},"end":{"line":42,"column":58}},"line":42},"4":{"name":"(anonymous_4)","decl":{"start":{"line":47,"column":12},"end":{"line":47,"column":13}},"loc":{"start":{"line":47,"column":18},"end":{"line":52,"column":3}},"line":47},"5":{"name":"(anonymous_5)","decl":{"start":{"line":48,"column":24},"end":{"line":48,"column":25}},"loc":{"start":{"line":48,"column":36},"end":{"line":50,"column":5}},"line":48},"6":{"name":"(anonymous_6)","decl":{"start":{"line":54,"column":12},"end":{"line":54,"column":13}},"loc":{"start":{"line":54,"column":18},"end":{"line":64,"column":3}},"line":54},"7":{"name":"(anonymous_7)","decl":{"start":{"line":78,"column":21},"end":{"line":78,"column":22}},"loc":{"start":{"line":78,"column":27},"end":{"line":78,"column":51}},"line":78},"8":{"name":"(anonymous_8)","decl":{"start":{"line":82,"column":21},"end":{"line":82,"column":22}},"loc":{"start":{"line":82,"column":27},"end":{"line":82,"column":51}},"line":82}},"branchMap":{"0":{"loc":{"start":{"line":55,"column":4},"end":{"line":60,"column":5}},"type":"if","locations":[{"start":{"line":55,"column":4},"end":{"line":60,"column":5}},{"start":{},"end":{}}],"line":55},"1":{"loc":{"start":{"line":57,"column":6},"end":{"line":59,"column":7}},"type":"if","locations":[{"start":{"line":57,"column":6},"end":{"line":59,"column":7}},{"start":{},"end":{}}],"line":57},"2":{"loc":{"start":{"line":61,"column":4},"end":{"line":63,"column":5}},"type":"if","locations":[{"start":{"line":61,"column":4},"end":{"line":63,"column":5}},{"start":{},"end":{}}],"line":61},"3":{"loc":{"start":{"line":72,"column":9},"end":{"line":74,"column":16}},"type":"cond-expr","locations":[{"start":{"line":73,"column":10},"end":{"line":73,"column":72}},{"start":{"line":74,"column":12},"end":{"line":74,"column":16}}],"line":72}},"s":{"0":2,"1":10,"2":10,"3":10,"4":10,"5":10,"6":10,"7":1,"8":1,"9":10,"10":2,"11":2,"12":2,"13":10,"14":2,"15":2,"16":2,"17":10,"18":7,"19":6,"20":6,"21":6,"22":7,"23":0,"24":10,"25":1,"26":1},"f":{"0":10,"1":1,"2":2,"3":2,"4":2,"5":2,"6":7,"7":1,"8":1},"b":{"0":[6,1],"1":[6,0],"2":[0,7],"3":[7,3]},"_coverageSchema":"1a1c01bbd47fc00a2c39e90264f33305004495a9","hash":"2f34a91735b2dd618c39540b161a430b8b263c4b"}
,"/Users/egarces/Documents/Personal/projects/femsa/src/styles/button.ts": {"path":"/Users/egarces/Documents/Personal/projects/femsa/src/styles/button.ts","statementMap":{"0":{"start":{"line":3,"column":15},"end":{"line":14,"column":2}}},"fnMap":{},"branchMap":{},"s":{"0":5},"f":{},"b":{},"_coverageSchema":"1a1c01bbd47fc00a2c39e90264f33305004495a9","hash":"6d843faed64f18cd3cd23ad970be48ac169d8db0"}
,"/Users/egarces/Documents/Personal/projects/femsa/src/styles/common.ts": {"path":"/Users/egarces/Documents/Personal/projects/femsa/src/styles/common.ts","statementMap":{"0":{"start":{"line":4,"column":15},"end":{"line":34,"column":2}}},"fnMap":{},"branchMap":{},"s":{"0":5},"f":{},"b":{},"_coverageSchema":"1a1c01bbd47fc00a2c39e90264f33305004495a9","hash":"0733640f5b94e4223f70e0a7d4c1abe7b0962641"}
,"/Users/egarces/Documents/Personal/projects/femsa/src/styles/details.ts": {"path":"/Users/egarces/Documents/Personal/projects/femsa/src/styles/details.ts","statementMap":{"0":{"start":{"line":3,"column":16},"end":{"line":28,"column":2}}},"fnMap":{},"branchMap":{},"s":{"0":5},"f":{},"b":{},"_coverageSchema":"1a1c01bbd47fc00a2c39e90264f33305004495a9","hash":"844bf3e14b201608a38981a3b68620d50b5378e3"}
,"/Users/egarces/Documents/Personal/projects/femsa/src/styles/home.ts": {"path":"/Users/egarces/Documents/Personal/projects/femsa/src/styles/home.ts","statementMap":{"0":{"start":{"line":3,"column":13},"end":{"line":31,"column":2}}},"fnMap":{},"branchMap":{},"s":{"0":5},"f":{},"b":{},"_coverageSchema":"1a1c01bbd47fc00a2c39e90264f33305004495a9","hash":"3ed0ff060f7f5f17b16671526bbaee481584c11e"}
,"/Users/egarces/Documents/Personal/projects/femsa/src/styles/index.ts": {"path":"/Users/egarces/Documents/Personal/projects/femsa/src/styles/index.ts","statementMap":{},"fnMap":{},"branchMap":{},"s":{},"f":{},"b":{},"_coverageSchema":"1a1c01bbd47fc00a2c39e90264f33305004495a9","hash":"a3b6b5174a7fa7a55e0c65572276887f3d30f2dd"}
,"/Users/egarces/Documents/Personal/projects/femsa/src/styles/productsList.ts": {"path":"/Users/egarces/Documents/Personal/projects/femsa/src/styles/productsList.ts","statementMap":{"0":{"start":{"line":3,"column":21},"end":{"line":34,"column":2}}},"fnMap":{},"branchMap":{},"s":{"0":5},"f":{},"b":{},"_coverageSchema":"1a1c01bbd47fc00a2c39e90264f33305004495a9","hash":"dbe6d59a189440487b99a1158c1d03ad76509269"}
,"/Users/egarces/Documents/Personal/projects/femsa/src/utils/index.ts": {"path":"/Users/egarces/Documents/Personal/projects/femsa/src/utils/index.ts","statementMap":{"0":{"start":{"line":4,"column":31},"end":{"line":8,"column":2}}},"fnMap":{},"branchMap":{"0":{"loc":{"start":{"line":5,"column":7},"end":{"line":5,"column":38}},"type":"cond-expr","locations":[{"start":{"line":5,"column":31},"end":{"line":5,"column":33}},{"start":{"line":5,"column":36},"end":{"line":5,"column":38}}],"line":5}},"s":{"0":6},"f":{},"b":{"0":[1,5]},"_coverageSchema":"1a1c01bbd47fc00a2c39e90264f33305004495a9","hash":"827c1d2191d95d88e1ad29ec977ee583d4357f9a"}
}
