TN:
SF:App.tsx
FN:19,(anonymous_0)
FNF:1
FNH:1
FNDA:1,(anonymous_0)
DA:17,1
DA:19,1
DA:20,1
LF:3
LH:3
BRF:0
BRH:0
end_of_record
TN:
SF:src/components/CustomButton/index.tsx
FN:10,(anonymous_0)
FNF:1
FNH:1
FNDA:15,(anonymous_0)
DA:10,3
DA:11,15
DA:12,15
LF:3
LH:3
BRF:0
BRH:0
end_of_record
TN:
SF:src/components/DetailStatus/index.tsx
FN:10,(anonymous_0)
FNF:1
FNH:1
FNDA:3,(anonymous_0)
DA:10,3
DA:11,3
DA:12,3
DA:13,3
LF:4
LH:4
BRDA:10,0,0,1
BRDA:12,1,0,2
BRDA:12,1,1,1
BRF:3
BRH:3
end_of_record
TN:
SF:src/components/HomeHeader/index.tsx
FN:10,(anonymous_0)
FNF:1
FNH:1
FNDA:7,(anonymous_0)
DA:10,2
DA:11,7
DA:12,7
LF:3
LH:3
BRF:0
BRH:0
end_of_record
TN:
SF:src/components/ProductsList/index.tsx
FN:7,(anonymous_0)
FN:30,(anonymous_1)
FN:33,(anonymous_2)
FN:34,(anonymous_3)
FN:41,(anonymous_4)
FNF:5
FNH:5
FNDA:6,(anonymous_0)
FNDA:6,(anonymous_1)
FNDA:6,(anonymous_2)
FNDA:3,(anonymous_3)
FNDA:6,(anonymous_4)
DA:7,3
DA:8,6
DA:9,6
DA:10,6
DA:11,6
DA:12,6
DA:30,3
DA:31,6
DA:33,6
DA:34,6
DA:37,6
DA:41,6
LF:12
LH:12
BRDA:10,0,0,5
BRDA:10,0,1,1
BRF:2
BRH:2
end_of_record
TN:
SF:src/screens/DetailScreen/index.tsx
FN:9,(anonymous_0)
FN:22,(anonymous_1)
FNF:2
FNH:2
FNDA:1,(anonymous_0)
FNDA:1,(anonymous_1)
DA:9,2
DA:11,1
DA:12,1
DA:13,1
DA:14,1
DA:20,1
DA:22,1
DA:23,1
DA:26,1
LF:9
LH:9
BRF:0
BRH:0
end_of_record
TN:
SF:src/screens/HomeScreen/index.tsx
FN:18,(anonymous_0)
FN:33,(anonymous_1)
FN:40,(anonymous_2)
FN:42,(anonymous_3)
FN:47,(anonymous_4)
FN:48,(anonymous_5)
FN:54,(anonymous_6)
FN:78,(anonymous_7)
FN:82,(anonymous_8)
FNF:9
FNH:9
FNDA:10,(anonymous_0)
FNDA:1,(anonymous_1)
FNDA:2,(anonymous_2)
FNDA:2,(anonymous_3)
FNDA:2,(anonymous_4)
FNDA:2,(anonymous_5)
FNDA:7,(anonymous_6)
FNDA:1,(anonymous_7)
FNDA:1,(anonymous_8)
DA:18,2
DA:19,10
DA:24,10
DA:29,10
DA:30,10
DA:31,10
DA:33,10
DA:34,1
DA:37,1
DA:40,10
DA:41,2
DA:42,2
DA:44,2
DA:47,10
DA:48,2
DA:49,2
DA:51,2
DA:54,10
DA:55,7
DA:56,6
DA:57,6
DA:58,6
DA:61,7
DA:62,0
DA:66,10
DA:78,1
DA:82,1
LF:27
LH:26
BRDA:55,0,0,6
BRDA:55,0,1,1
BRDA:57,1,0,6
BRDA:57,1,1,0
BRDA:61,2,0,0
BRDA:61,2,1,7
BRDA:72,3,0,7
BRDA:72,3,1,3
BRF:8
BRH:6
end_of_record
TN:
SF:src/styles/button.ts
FNF:0
FNH:0
DA:3,5
LF:1
LH:1
BRF:0
BRH:0
end_of_record
TN:
SF:src/styles/common.ts
FNF:0
FNH:0
DA:4,5
LF:1
LH:1
BRF:0
BRH:0
end_of_record
TN:
SF:src/styles/details.ts
FNF:0
FNH:0
DA:3,5
LF:1
LH:1
BRF:0
BRH:0
end_of_record
TN:
SF:src/styles/home.ts
FNF:0
FNH:0
DA:3,5
LF:1
LH:1
BRF:0
BRH:0
end_of_record
TN:
SF:src/styles/index.ts
FNF:0
FNH:0
LF:0
LH:0
BRF:0
BRH:0
end_of_record
TN:
SF:src/styles/productsList.ts
FNF:0
FNH:0
DA:3,5
LF:1
LH:1
BRF:0
BRH:0
end_of_record
TN:
SF:src/utils/index.ts
FNF:0
FNH:0
DA:4,6
LF:1
LH:1
BRDA:5,0,0,1
BRDA:5,0,1,5
BRF:2
BRH:2
end_of_record
